/index.php (Status: 200)
/contact.php (Status: 200)
/search.php (Status: 302)
/login.php (Status: 200)
/register.php (Status: 200)
/forum.php (Status: 302)
/terms.php (Status: 200)
/aboutus.php (Status: 200)
/header.php (Status: 200)
/admin (Status: 301)
/footer.php (Status: 200)
/db (Status: 301)
/messages.php (Status: 302)
/message.php (Status: 302)
/logout.php (Status: 200)
/questions.php (Status: 302)
/res (Status: 301)
/utility.php (Status: 200)
/answer.php (Status: 302)
/times.php (Status: 200)
/ups (Status: 301)
/phpmyadmin (Status: 403)
/courier.php (Status: 200)
/ans.php (Status: 302)
/notification.php (Status: 200)
/symbol.php (Status: 200)
/que.php (Status: 302)
/readmsg.php (Status: 302)